<?xml version="1.0" encoding="UTF-8"?>
<!-- Generated by org.testng.reporters.JUnitReportReporter -->
<testsuite hostname="ICPL12485" failures="0" tests="1" name="com.qa.common.BaseTest" time="37.829" errors="0" timestamp="2021-06-19T03:38:25 IST" skipped="0">
  <testcase classname="com.qa.common.BaseTest" name="initDriver" time="37.829"/>
  <system-out/>
</testsuite> <!-- com.qa.common.BaseTest -->
