<?xml version="1.0" encoding="UTF-8"?>
<!-- Generated by org.testng.reporters.JUnitReportReporter -->
<testsuite hostname="ICPL12485" failures="0" tests="2" name="com.qa.test.LoginTest" time="9.354" errors="0" timestamp="2021-06-19T19:50:47 IST" skipped="0">
  <testcase classname="com.qa.test.LoginTest" name="verifyValidLogin" time="4.118"/>
  <system-out/>
  <testcase classname="com.qa.test.LoginTest" name="invalidLogin" time="5.236"/>
  <system-out/>
</testsuite> <!-- com.qa.test.LoginTest -->
