<?xml version="1.0" encoding="UTF-8"?>
<!-- Generated by org.testng.reporters.JUnitReportReporter -->
<testsuite hostname="ICPL12485" failures="0" tests="1" name="com.qa.test.ProductAddToCartTest" time="38.272" errors="0" timestamp="2021-06-19T19:26:45 IST" skipped="0">
  <testcase classname="com.qa.test.ProductAddToCartTest" name="addProductCheckout" time="38.272"/>
  <system-out/>
</testsuite> <!-- com.qa.test.ProductAddToCartTest -->
