<?xml version="1.0" encoding="UTF-8"?>
<!-- Generated by org.testng.reporters.JUnitReportReporter -->
<testsuite hostname="ICPL12485" failures="0" tests="1" name="SwagLabsAutomation.SwagLabs.AppTest" time="31.978" errors="0" timestamp="2021-06-19T02:32:53 IST" skipped="0">
  <testcase classname="SwagLabsAutomation.SwagLabs.AppTest" name="shouldAnswerWithTrue" time="31.978"/>
  <system-out/>
</testsuite> <!-- SwagLabsAutomation.SwagLabs.AppTest -->
